<?xml version="1.0" encoding="UTF-8"?>
<testsuite xmlns:xsi="http://www.w3.org/2001/XMLSchema-instance" xsi:noNamespaceSchemaLocation="https://maven.apache.org/surefire/maven-surefire-plugin/xsd/surefire-test-report.xsd" version="3.0.2" name="com.assignment10.taskmanager.TaskManagerApplicationTests" time="6.587" tests="1" errors="0" skipped="0" failures="0">
  <properties>
[...]
</properties>
  <testcase name="contextLoads" classname="com.assignment10.taskmanager.TaskManagerApplicationTests" time="0.496">
    <system-out><![CDATA[16:54:56.710 [main] INFO org.springframework.test.context.support.AnnotationConfigContextLoaderUtils -- Could not detect default configuration classes for test class [com.assignment10.taskmanager.TaskManagerApplicationTests]: TaskManagerApplicationTests does not declare any static, non-private, non-final, nested classes annotated with @Configuration.
16:54:56.877 [main] INFO org.springframework.boot.test.context.SpringBootTestContextBootstrapper -- Found @SpringBootConfiguration com.assignment10.taskmanager.TaskManagerApplication for test class com.assignment10.taskmanager.TaskManagerApplicationTests

  .   ____          _            __ _ _
 /\\ / ___'_ __ _ _(_)_ __  __ _ \ \ \ \
( ( )\___ | '_ | '_| | '_ \/ _` | \ \ \ \
 \\/  ___)| |_)| | | | | || (_| |  ) ) ) )
  '  |____| .__|_| |_|_| |_\__, | / / / /
 =========|_|==============|___/=/_/_/_/

 :: Spring Boot ::                (v3.4.4)

2026-04-17T16:54:57.373+05:30  INFO 8252 --- [task-manager] [           main] c.a.t.TaskManagerApplicationTests        : Starting TaskManagerApplicationTests using Java 26 with PID 8252 (started by Abhi in E:\TY LABS SCOE\WTL\Assignment 10)
2026-04-17T16:54:57.374+05:30  INFO 8252 --- [task-manager] [           main] c.a.t.TaskManagerApplicationTests        : No active profile set, falling back to 1 default profile: "default"
2026-04-17T16:54:58.337+05:30  INFO 8252 --- [task-manager] [           main] .s.d.r.c.RepositoryConfigurationDelegate : Bootstrapping Spring Data JPA repositories in DEFAULT mode.
2026-04-17T16:54:58.410+05:30  INFO 8252 --- [task-manager] [           main] .s.d.r.c.RepositoryConfigurationDelegate : Finished Spring Data repository scanning in 60 ms. Found 2 JPA repository interfaces.
2026-04-17T16:54:58.844+05:30  INFO 8252 --- [task-manager] [           main] o.hibernate.jpa.internal.util.LogHelper  : HHH000204: Processing PersistenceUnitInfo [name: default]
2026-04-17T16:54:58.914+05:30  INFO 8252 --- [task-manager] [           main] org.hibernate.Version                    : HHH000412: Hibernate ORM core version 6.6.11.Final
2026-04-17T16:54:58.954+05:30  INFO 8252 --- [task-manager] [           main] o.h.c.internal.RegionFactoryInitiator    : HHH000026: Second-level cache disabled
2026-04-17T16:54:59.430+05:30  INFO 8252 --- [task-manager] [           main] o.s.o.j.p.SpringPersistenceUnitInfo      : No LoadTimeWeaver setup: ignoring JPA class transformer
2026-04-17T16:54:59.550+05:30  INFO 8252 --- [task-manager] [           main] com.zaxxer.hikari.HikariDataSource       : HikariPool-1 - Starting...
2026-04-17T16:54:59.901+05:30  INFO 8252 --- [task-manager] [           main] com.zaxxer.hikari.pool.HikariPool        : HikariPool-1 - Added connection conn0: url=jdbc:h2:mem:taskdb user=SA
2026-04-17T16:54:59.903+05:30  INFO 8252 --- [task-manager] [           main] com.zaxxer.hikari.HikariDataSource       : HikariPool-1 - Start completed.
2026-04-17T16:54:59.961+05:30  INFO 8252 --- [task-manager] [           main] org.hibernate.orm.connections.pooling    : HHH10001005: Database info:
	Database JDBC URL [Connecting through datasource 'HikariDataSource (HikariPool-1)']
	Database driver: undefined/unknown
	Database version: 2.3.232
	Autocommit mode: undefined/unknown
	Isolation level: undefined/unknown
	Minimum pool size: undefined/unknown
	Maximum pool size: undefined/unknown
2026-04-17T16:55:00.831+05:30  INFO 8252 --- [task-manager] [           main] o.h.e.t.j.p.i.JtaPlatformInitiator       : HHH000489: No JTA platform available (set 'hibernate.transaction.jta.platform' to enable JTA platform integration)
Hibernate: 
    create table employees (
        id bigint generated by default as identity,
        department varchar(255) not null,
        designation varchar(255) not null,
        email varchar(255) not null,
        name varchar(255) not null,
        primary key (id)
    )
Hibernate: 
    create table tasks (
        id bigint generated by default as identity,
        description varchar(255) not null,
        due_date varchar(255) not null,
        priority enum ('HIGH','LOW','MEDIUM') not null,
        status enum ('COMPLETED','IN_PROGRESS','PENDING') not null,
        title varchar(255) not null,
        employee_id bigint,
        primary key (id)
    )
Hibernate: 
    alter table if exists tasks 
       add constraint FKjc3xiile6e5jbtmywxw5vfm7f 
       foreign key (employee_id) 
       references employees
2026-04-17T16:55:00.898+05:30  INFO 8252 --- [task-manager] [           main] j.LocalContainerEntityManagerFactoryBean : Initialized JPA EntityManagerFactory for persistence unit 'default'
2026-04-17T16:55:01.518+05:30  WARN 8252 --- [task-manager] [           main] JpaBaseConfiguration$JpaWebConfiguration : spring.jpa.open-in-view is enabled by default. Therefore, database queries may be performed during view rendering. Explicitly configure spring.jpa.open-in-view to disable this warning
2026-04-17T16:55:02.018+05:30  INFO 8252 --- [task-manager] [           main] o.s.b.a.h2.H2ConsoleAutoConfiguration    : H2 console available at '/h2-console'. Database available at 'jdbc:h2:mem:taskdb'
2026-04-17T16:55:02.092+05:30  INFO 8252 --- [task-manager] [           main] c.a.t.TaskManagerApplicationTests        : Started TaskManagerApplicationTests in 5.069 seconds (process running for 6.469)
Hibernate: 
    select
        count(*) 
    from
        employees e1_0
Hibernate: 
    insert 
    into
        employees
        (department, designation, email, name, id) 
    values
        (?, ?, ?, ?, default)
Hibernate: 
    insert 
    into
        employees
        (department, designation, email, name, id) 
    values
        (?, ?, ?, ?, default)
Hibernate: 
    insert 
    into
        employees
        (department, designation, email, name, id) 
    values
        (?, ?, ?, ?, default)
Hibernate: 
    insert 
    into
        tasks
        (description, due_date, employee_id, priority, status, title, id) 
    values
        (?, ?, ?, ?, ?, ?, default)
Hibernate: 
    insert 
    into
        tasks
        (description, due_date, employee_id, priority, status, title, id) 
    values
        (?, ?, ?, ?, ?, ?, default)
Hibernate: 
    insert 
    into
        tasks
        (description, due_date, employee_id, priority, status, title, id) 
    values
        (?, ?, ?, ?, ?, ?, default)
]]></system-out>
    <system-err><![CDATA[Mockito is currently self-attaching to enable the inline-mock-maker. This will no longer work in future releases of the JDK. Please add Mockito as an agent to your build what is described in Mockito's documentation: https://javadoc.io/doc/org.mockito/mockito-core/latest/org/mockito/Mockito.html#0.3
WARNING: A Java agent has been loaded dynamically (C:\Users\User\.m2\repository\net\bytebuddy\byte-buddy-agent\1.15.11\byte-buddy-agent-1.15.11.jar)
WARNING: If a serviceability tool is in use, please run with -XX:+EnableDynamicAgentLoading to hide this warning
WARNING: If a serviceability tool is not in use, please run with -Djdk.instrument.traceUsage for more information
WARNING: Dynamic loading of agents will be disallowed by default in a future release
]]></system-err>
  </testcase>
</testsuite>